<?xml version="1.0" encoding="UTF-8"?>
<testng-results skipped="0" failed="0" total="1" passed="1">
  <reporter-output>
  </reporter-output>
  <suite name="Default suite" duration-ms="10472" started-at="2019-03-29T12:47:21Z" finished-at="2019-03-29T12:47:31Z">
    <groups>
    </groups>
    <test name="Default test" duration-ms="10472" started-at="2019-03-29T12:47:21Z" finished-at="2019-03-29T12:47:31Z">
      <class name="com.project.tests.TC_LoginTC">
        <test-method status="PASS" signature="setup()[pri:0, instance:com.project.tests.TC_LoginTC@153acfe]" name="setup" is-config="true" duration-ms="9979" started-at="2019-03-29T12:47:21Z" finished-at="2019-03-29T12:47:31Z">
        </test-method> <!-- setup -->
        <test-method status="PASS" signature="loginTest()[pri:0, instance:com.project.tests.TC_LoginTC@153acfe]" name="loginTest" duration-ms="464" started-at="2019-03-29T12:47:31Z" finished-at="2019-03-29T12:47:31Z">
        </test-method> <!-- loginTest -->
      </class> <!-- com.project.tests.TC_LoginTC -->
    </test> <!-- Default test -->
  </suite> <!-- Default suite -->
</testng-results>
